<?xml version="1.0" encoding="UTF-8"?>
<!-- Generated by org.testng.reporters.JUnitReportReporter -->
<testsuite hostname="VN-SOXES-NB-041" name="projectName.frontend.test.t_Practice" tests="1" failures="0" timestamp="10 Apr 2019 08:27:20 GMT" time="12.948" errors="0">
  <testcase name="TC_001_NavigateToGoogle" time="12.948" classname="projectName.frontend.test.t_Practice"/>
</testsuite> <!-- projectName.frontend.test.t_Practice -->
