<?xml version="1.0" encoding="UTF-8"?>
<!-- Generated by org.testng.reporters.JUnitReportReporter -->
<testsuite hostname="VN-SOXES-NB-041" name="projectName.frontend.test.t_PracticeDevice" tests="2" failures="0" timestamp="24 Apr 2019 03:18:22 GMT" time="67.308" errors="0">
  <testcase name="TC_004_VerifyTermsOfUse" time="26.424" classname="projectName.frontend.test.t_PracticeDevice"/>
  <testcase name="TC_002_VerifyLaunchApp" time="40.884" classname="projectName.frontend.test.t_PracticeDevice"/>
</testsuite> <!-- projectName.frontend.test.t_PracticeDevice -->
